2024-09-03 14:51:06.055 INFO  train.member.MemberApplication                    :51   restartedMain [32m                [0;39m Starting MemberApplication using Java 17.0.12 with PID 21388 (F:\桌面\12306\member\target\classes started by yunnuo in F:\桌面\12306)
2024-09-03 14:51:06.056 INFO  train.member.MemberApplication                    :630  restartedMain [32m                [0;39m No active profile set, falling back to 1 default profile: "default"
2024-09-03 14:51:06.152 INFO  o.s.boot.web.embedded.tomcat.TomcatWebServer      :114  restartedMain [32m                [0;39m Tomcat initialized with port(s): 8081 (http)
2024-09-03 14:51:06.153 INFO  org.apache.catalina.core.StandardService          :173  restartedMain [32m                [0;39m Starting service [Tomcat]
2024-09-03 14:51:06.153 INFO  org.apache.catalina.core.StandardEngine           :173  restartedMain [32m                [0;39m Starting Servlet engine: [Apache Tomcat/10.1.1]
2024-09-03 14:51:06.161 INFO  o.a.c.c.C.[Tomcat].[localhost].[/member]          :173  restartedMain [32m                [0;39m Initializing Spring embedded WebApplicationContext
2024-09-03 14:51:06.161 INFO  o.s.b.w.s.c.ServletWebServerApplicationContext    :291  restartedMain [32m                [0;39m Root WebApplicationContext: initialization completed in 104 ms
2024-09-03 14:51:06.195 INFO  o.s.b.d.autoconfigure.OptionalLiveReloadServer    :59   restartedMain [32m                [0;39m LiveReload server is running on port 35729
2024-09-03 14:51:06.200 INFO  o.s.boot.web.embedded.tomcat.TomcatWebServer      :226  restartedMain [32m                [0;39m Tomcat started on port(s): 8081 (http) with context path '/member'
2024-09-03 14:51:06.203 INFO  train.member.MemberApplication                    :57   restartedMain [32m                [0;39m Started MemberApplication in 0.274 seconds (process running for 555.685)
2024-09-03 14:51:06.203 INFO  o.s.b.d.a.ConditionEvaluationDeltaLoggingListener :63   restartedMain [32m                [0;39m Condition evaluation unchanged
2024-09-03 14:51:06.204 INFO  train.member.MemberApplication                    :19   restartedMain [32m                [0;39m 启动成功
2024-09-03 14:51:06.204 INFO  train.member.MemberApplication                    :20   restartedMain [32m                [0;39m Member地址: 	http://127.0.0.1:8081
2024-09-03 14:58:14.997 INFO  o.s.b.d.a.LocalDevToolsAutoConfiguration$RestartingClassPathChangeChangedEventListener:211  File Watcher [32m                [0;39m Restarting due to 1 class path change (0 additions, 0 deletions, 1 modification)
2024-09-03 14:58:15.011 INFO  org.apache.catalina.core.StandardService          :173  Thread-11 [32m                [0;39m Stopping service [Tomcat]
2024-09-03 14:58:15.063 INFO  train.member.MemberApplication                    :51   restartedMain [32m                [0;39m Starting MemberApplication using Java 17.0.12 with PID 21388 (F:\桌面\12306\member\target\classes started by yunnuo in F:\桌面\12306)
2024-09-03 14:58:15.063 INFO  train.member.MemberApplication                    :630  restartedMain [32m                [0;39m No active profile set, falling back to 1 default profile: "default"
2024-09-03 14:58:15.153 INFO  o.s.boot.web.embedded.tomcat.TomcatWebServer      :114  restartedMain [32m                [0;39m Tomcat initialized with port(s): 8081 (http)
2024-09-03 14:58:15.153 INFO  org.apache.catalina.core.StandardService          :173  restartedMain [32m                [0;39m Starting service [Tomcat]
2024-09-03 14:58:15.153 INFO  org.apache.catalina.core.StandardEngine           :173  restartedMain [32m                [0;39m Starting Servlet engine: [Apache Tomcat/10.1.1]
2024-09-03 14:58:15.159 INFO  o.a.c.c.C.[Tomcat].[localhost].[/member]          :173  restartedMain [32m                [0;39m Initializing Spring embedded WebApplicationContext
2024-09-03 14:58:15.159 INFO  o.s.b.w.s.c.ServletWebServerApplicationContext    :291  restartedMain [32m                [0;39m Root WebApplicationContext: initialization completed in 95 ms
2024-09-03 14:58:15.193 INFO  o.s.b.d.autoconfigure.OptionalLiveReloadServer    :59   restartedMain [32m                [0;39m LiveReload server is running on port 35729
2024-09-03 14:58:15.198 INFO  o.s.boot.web.embedded.tomcat.TomcatWebServer      :226  restartedMain [32m                [0;39m Tomcat started on port(s): 8081 (http) with context path '/member'
2024-09-03 14:58:15.199 INFO  train.member.MemberApplication                    :57   restartedMain [32m                [0;39m Started MemberApplication in 0.162 seconds (process running for 984.682)
2024-09-03 14:58:15.200 INFO  o.s.b.d.a.ConditionEvaluationDeltaLoggingListener :63   restartedMain [32m                [0;39m Condition evaluation unchanged
2024-09-03 14:58:15.201 INFO  train.member.MemberApplication                    :19   restartedMain [32m                [0;39m 启动成功
2024-09-03 14:58:15.201 INFO  train.member.MemberApplication                    :20   restartedMain [32m                [0;39m Member地址: 	http://127.0.0.1:8081
