2024-09-03 17:37:15.466 INFO  org.hibernate.validator.internal.util.Version     :21   background-preinit [32m                [0;39m HV000001: Hibernate Validator 8.0.0.Final
2024-09-03 17:37:15.512 INFO  org.phy.gateway.GatewayApplication                :51   main [32m                [0;39m Starting GatewayApplication using Java 17.0.12 with PID 25396 (F:\桌面\12306\gateway\target\classes started by yunnuo in F:\桌面\12306)
2024-09-03 17:37:15.514 INFO  org.phy.gateway.GatewayApplication                :630  main [32m                [0;39m No active profile set, falling back to 1 default profile: "default"
2024-09-03 17:37:16.026 INFO  o.springframework.cloud.context.scope.GenericScope:282  main [32m                [0;39m BeanFactory id=390a6740-1f4b-371e-8b32-9ee7183f016d
2024-09-03 17:37:16.669 INFO  o.s.c.gateway.route.RouteDefinitionRouteLocator   :88   main [32m                [0;39m Loaded RoutePredicateFactory [After]
2024-09-03 17:37:16.669 INFO  o.s.c.gateway.route.RouteDefinitionRouteLocator   :88   main [32m                [0;39m Loaded RoutePredicateFactory [Before]
2024-09-03 17:37:16.669 INFO  o.s.c.gateway.route.RouteDefinitionRouteLocator   :88   main [32m                [0;39m Loaded RoutePredicateFactory [Between]
2024-09-03 17:37:16.669 INFO  o.s.c.gateway.route.RouteDefinitionRouteLocator   :88   main [32m                [0;39m Loaded RoutePredicateFactory [Cookie]
2024-09-03 17:37:16.669 INFO  o.s.c.gateway.route.RouteDefinitionRouteLocator   :88   main [32m                [0;39m Loaded RoutePredicateFactory [Header]
2024-09-03 17:37:16.670 INFO  o.s.c.gateway.route.RouteDefinitionRouteLocator   :88   main [32m                [0;39m Loaded RoutePredicateFactory [Host]
2024-09-03 17:37:16.670 INFO  o.s.c.gateway.route.RouteDefinitionRouteLocator   :88   main [32m                [0;39m Loaded RoutePredicateFactory [Method]
2024-09-03 17:37:16.670 INFO  o.s.c.gateway.route.RouteDefinitionRouteLocator   :88   main [32m                [0;39m Loaded RoutePredicateFactory [Path]
2024-09-03 17:37:16.670 INFO  o.s.c.gateway.route.RouteDefinitionRouteLocator   :88   main [32m                [0;39m Loaded RoutePredicateFactory [Query]
2024-09-03 17:37:16.670 INFO  o.s.c.gateway.route.RouteDefinitionRouteLocator   :88   main [32m                [0;39m Loaded RoutePredicateFactory [ReadBody]
2024-09-03 17:37:16.670 INFO  o.s.c.gateway.route.RouteDefinitionRouteLocator   :88   main [32m                [0;39m Loaded RoutePredicateFactory [RemoteAddr]
2024-09-03 17:37:16.670 INFO  o.s.c.gateway.route.RouteDefinitionRouteLocator   :88   main [32m                [0;39m Loaded RoutePredicateFactory [XForwardedRemoteAddr]
2024-09-03 17:37:16.670 INFO  o.s.c.gateway.route.RouteDefinitionRouteLocator   :88   main [32m                [0;39m Loaded RoutePredicateFactory [Weight]
2024-09-03 17:37:16.670 INFO  o.s.c.gateway.route.RouteDefinitionRouteLocator   :88   main [32m                [0;39m Loaded RoutePredicateFactory [CloudFoundryRouteService]
2024-09-03 17:37:17.113 INFO  o.s.boot.web.embedded.netty.NettyWebServer        :111  main [32m                [0;39m Netty started on port 8000
2024-09-03 17:37:17.427 INFO  org.phy.gateway.GatewayApplication                :57   main [32m                [0;39m Started GatewayApplication in 2.572 seconds (process running for 3.063)
2024-09-03 17:37:17.431 INFO  org.phy.gateway.GatewayApplication                :16   main [32m                [0;39m 启动成功
2024-09-03 17:37:17.431 INFO  org.phy.gateway.GatewayApplication                :17   main [32m                [0;39m Member地址: 	http://127.0.0.1:8000
2024-09-03 17:41:27.168 INFO  org.hibernate.validator.internal.util.Version     :21   background-preinit [32m                [0;39m HV000001: Hibernate Validator 8.0.0.Final
2024-09-03 17:41:27.214 INFO  org.phy.gateway.GatewayApplication                :51   main [32m                [0;39m Starting GatewayApplication using Java 17.0.12 with PID 19312 (F:\桌面\12306\gateway\target\classes started by yunnuo in F:\桌面\12306)
2024-09-03 17:41:27.215 INFO  org.phy.gateway.GatewayApplication                :630  main [32m                [0;39m No active profile set, falling back to 1 default profile: "default"
2024-09-03 17:41:27.852 INFO  o.springframework.cloud.context.scope.GenericScope:282  main [32m                [0;39m BeanFactory id=390a6740-1f4b-371e-8b32-9ee7183f016d
2024-09-03 17:41:28.778 INFO  o.s.c.gateway.route.RouteDefinitionRouteLocator   :88   main [32m                [0;39m Loaded RoutePredicateFactory [After]
2024-09-03 17:41:28.778 INFO  o.s.c.gateway.route.RouteDefinitionRouteLocator   :88   main [32m                [0;39m Loaded RoutePredicateFactory [Before]
2024-09-03 17:41:28.778 INFO  o.s.c.gateway.route.RouteDefinitionRouteLocator   :88   main [32m                [0;39m Loaded RoutePredicateFactory [Between]
2024-09-03 17:41:28.778 INFO  o.s.c.gateway.route.RouteDefinitionRouteLocator   :88   main [32m                [0;39m Loaded RoutePredicateFactory [Cookie]
2024-09-03 17:41:28.778 INFO  o.s.c.gateway.route.RouteDefinitionRouteLocator   :88   main [32m                [0;39m Loaded RoutePredicateFactory [Header]
2024-09-03 17:41:28.779 INFO  o.s.c.gateway.route.RouteDefinitionRouteLocator   :88   main [32m                [0;39m Loaded RoutePredicateFactory [Host]
2024-09-03 17:41:28.779 INFO  o.s.c.gateway.route.RouteDefinitionRouteLocator   :88   main [32m                [0;39m Loaded RoutePredicateFactory [Method]
2024-09-03 17:41:28.779 INFO  o.s.c.gateway.route.RouteDefinitionRouteLocator   :88   main [32m                [0;39m Loaded RoutePredicateFactory [Path]
2024-09-03 17:41:28.779 INFO  o.s.c.gateway.route.RouteDefinitionRouteLocator   :88   main [32m                [0;39m Loaded RoutePredicateFactory [Query]
2024-09-03 17:41:28.779 INFO  o.s.c.gateway.route.RouteDefinitionRouteLocator   :88   main [32m                [0;39m Loaded RoutePredicateFactory [ReadBody]
2024-09-03 17:41:28.780 INFO  o.s.c.gateway.route.RouteDefinitionRouteLocator   :88   main [32m                [0;39m Loaded RoutePredicateFactory [RemoteAddr]
2024-09-03 17:41:28.780 INFO  o.s.c.gateway.route.RouteDefinitionRouteLocator   :88   main [32m                [0;39m Loaded RoutePredicateFactory [XForwardedRemoteAddr]
2024-09-03 17:41:28.780 INFO  o.s.c.gateway.route.RouteDefinitionRouteLocator   :88   main [32m                [0;39m Loaded RoutePredicateFactory [Weight]
2024-09-03 17:41:28.780 INFO  o.s.c.gateway.route.RouteDefinitionRouteLocator   :88   main [32m                [0;39m Loaded RoutePredicateFactory [CloudFoundryRouteService]
2024-09-03 17:41:29.424 INFO  o.s.boot.web.embedded.netty.NettyWebServer        :111  main [32m                [0;39m Netty started on port 8000
2024-09-03 17:41:29.783 ERROR o.s.cloud.gateway.route.CachingRouteLocator       :94   main [32m                [0;39m Refresh routes error !!!
java.lang.IllegalArgumentException: Unable to find RoutePredicateFactory with name Path=/member/**
	at org.springframework.cloud.gateway.route.RouteDefinitionRouteLocator.lookup(RouteDefinitionRouteLocator.java:203)
	at org.springframework.cloud.gateway.route.RouteDefinitionRouteLocator.combinePredicates(RouteDefinitionRouteLocator.java:189)
	at org.springframework.cloud.gateway.route.RouteDefinitionRouteLocator.convertToRoute(RouteDefinitionRouteLocator.java:116)
	at reactor.core.publisher.FluxMap$MapSubscriber.onNext(FluxMap.java:106)
	at reactor.core.publisher.FluxFlatMap$FlatMapMain.tryEmitScalar(FluxFlatMap.java:488)
	at reactor.core.publisher.FluxFlatMap$FlatMapMain.onNext(FluxFlatMap.java:421)
	at reactor.core.publisher.FluxMergeSequential$MergeSequentialMain.drain(FluxMergeSequential.java:432)
	at reactor.core.publisher.FluxMergeSequential$MergeSequentialMain.innerComplete(FluxMergeSequential.java:328)
	at reactor.core.publisher.FluxMergeSequential$MergeSequentialInner.onSubscribe(FluxMergeSequential.java:552)
	at reactor.core.publisher.FluxIterable.subscribe(FluxIterable.java:165)
	at reactor.core.publisher.FluxIterable.subscribe(FluxIterable.java:87)
	at reactor.core.publisher.Flux.subscribe(Flux.java:8660)
	at reactor.core.publisher.FluxMergeSequential$MergeSequentialMain.onNext(FluxMergeSequential.java:237)
	at reactor.core.publisher.FluxIterable$IterableSubscription.slowPath(FluxIterable.java:272)
	at reactor.core.publisher.FluxIterable$IterableSubscription.request(FluxIterable.java:230)
	at reactor.core.publisher.FluxMergeSequential$MergeSequentialMain.onSubscribe(FluxMergeSequential.java:198)
	at reactor.core.publisher.FluxIterable.subscribe(FluxIterable.java:165)
	at reactor.core.publisher.FluxIterable.subscribe(FluxIterable.java:87)
	at reactor.core.publisher.Flux.subscribe(Flux.java:8660)
	at reactor.core.publisher.FluxMergeSequential$MergeSequentialMain.onNext(FluxMergeSequential.java:237)
	at reactor.core.publisher.FluxIterable$IterableSubscription.slowPath(FluxIterable.java:272)
	at reactor.core.publisher.FluxIterable$IterableSubscription.request(FluxIterable.java:230)
	at reactor.core.publisher.FluxMergeSequential$MergeSequentialMain.onSubscribe(FluxMergeSequential.java:198)
	at reactor.core.publisher.FluxIterable.subscribe(FluxIterable.java:165)
	at reactor.core.publisher.FluxIterable.subscribe(FluxIterable.java:87)
	at reactor.core.publisher.Mono.subscribe(Mono.java:4444)
	at reactor.core.publisher.Mono.subscribeWith(Mono.java:4510)
	at reactor.core.publisher.Mono.subscribe(Mono.java:4411)
	at reactor.core.publisher.Mono.subscribe(Mono.java:4347)
	at reactor.core.publisher.Mono.subscribe(Mono.java:4319)
	at org.springframework.cloud.gateway.route.CachingRouteLocator.onApplicationEvent(CachingRouteLocator.java:81)
	at org.springframework.cloud.gateway.route.CachingRouteLocator.onApplicationEvent(CachingRouteLocator.java:40)
	at org.springframework.context.event.SimpleApplicationEventMulticaster.doInvokeListener(SimpleApplicationEventMulticaster.java:176)
	at org.springframework.context.event.SimpleApplicationEventMulticaster.invokeListener(SimpleApplicationEventMulticaster.java:169)
	at org.springframework.context.event.SimpleApplicationEventMulticaster.multicastEvent(SimpleApplicationEventMulticaster.java:143)
	at org.springframework.context.support.AbstractApplicationContext.publishEvent(AbstractApplicationContext.java:413)
	at org.springframework.context.support.AbstractApplicationContext.publishEvent(AbstractApplicationContext.java:370)
	at org.springframework.cloud.gateway.route.RouteRefreshListener.reset(RouteRefreshListener.java:73)
	at org.springframework.cloud.gateway.route.RouteRefreshListener.onApplicationEvent(RouteRefreshListener.java:50)
	at org.springframework.context.event.SimpleApplicationEventMulticaster.doInvokeListener(SimpleApplicationEventMulticaster.java:176)
	at org.springframework.context.event.SimpleApplicationEventMulticaster.invokeListener(SimpleApplicationEventMulticaster.java:169)
	at org.springframework.context.event.SimpleApplicationEventMulticaster.multicastEvent(SimpleApplicationEventMulticaster.java:143)
	at org.springframework.context.support.AbstractApplicationContext.publishEvent(AbstractApplicationContext.java:413)
	at org.springframework.context.support.AbstractApplicationContext.publishEvent(AbstractApplicationContext.java:370)
	at org.springframework.context.support.AbstractApplicationContext.finishRefresh(AbstractApplicationContext.java:935)
	at org.springframework.context.support.AbstractApplicationContext.refresh(AbstractApplicationContext.java:587)
	at org.springframework.boot.web.reactive.context.ReactiveWebServerApplicationContext.refresh(ReactiveWebServerApplicationContext.java:66)
	at org.springframework.boot.SpringApplication.refresh(SpringApplication.java:730)
	at org.springframework.boot.SpringApplication.refreshContext(SpringApplication.java:432)
	at org.springframework.boot.SpringApplication.run(SpringApplication.java:308)
	at org.phy.gateway.GatewayApplication.main(GatewayApplication.java:15)
2024-09-03 17:41:29.794 INFO  o.s.b.a.logging.ConditionEvaluationReportLogger   :82   main [32m                [0;39m 

Error starting ApplicationContext. To display the condition evaluation report re-run your application with 'debug' enabled.
2024-09-03 17:41:29.808 ERROR org.springframework.boot.SpringApplication        :820  main [32m                [0;39m Application run failed
java.lang.IllegalArgumentException: Unable to find RoutePredicateFactory with name Path=/member/**
	at org.springframework.cloud.gateway.route.RouteDefinitionRouteLocator.lookup(RouteDefinitionRouteLocator.java:203)
	at org.springframework.cloud.gateway.route.RouteDefinitionRouteLocator.combinePredicates(RouteDefinitionRouteLocator.java:189)
	at org.springframework.cloud.gateway.route.RouteDefinitionRouteLocator.convertToRoute(RouteDefinitionRouteLocator.java:116)
	at reactor.core.publisher.FluxMap$MapSubscriber.onNext(FluxMap.java:106)
	at reactor.core.publisher.FluxFlatMap$FlatMapMain.tryEmitScalar(FluxFlatMap.java:488)
	at reactor.core.publisher.FluxFlatMap$FlatMapMain.onNext(FluxFlatMap.java:421)
	at reactor.core.publisher.FluxMergeSequential$MergeSequentialMain.drain(FluxMergeSequential.java:432)
	at reactor.core.publisher.FluxMergeSequential$MergeSequentialMain.innerComplete(FluxMergeSequential.java:328)
	at reactor.core.publisher.FluxMergeSequential$MergeSequentialInner.onSubscribe(FluxMergeSequential.java:552)
	at reactor.core.publisher.FluxIterable.subscribe(FluxIterable.java:165)
	at reactor.core.publisher.FluxIterable.subscribe(FluxIterable.java:87)
	at reactor.core.publisher.Flux.subscribe(Flux.java:8660)
	at reactor.core.publisher.FluxMergeSequential$MergeSequentialMain.onNext(FluxMergeSequential.java:237)
	at reactor.core.publisher.FluxIterable$IterableSubscription.slowPath(FluxIterable.java:272)
	at reactor.core.publisher.FluxIterable$IterableSubscription.request(FluxIterable.java:230)
	at reactor.core.publisher.FluxMergeSequential$MergeSequentialMain.onSubscribe(FluxMergeSequential.java:198)
	at reactor.core.publisher.FluxIterable.subscribe(FluxIterable.java:165)
	at reactor.core.publisher.FluxIterable.subscribe(FluxIterable.java:87)
	at reactor.core.publisher.Flux.subscribe(Flux.java:8660)
	at reactor.core.publisher.FluxMergeSequential$MergeSequentialMain.onNext(FluxMergeSequential.java:237)
	at reactor.core.publisher.FluxIterable$IterableSubscription.slowPath(FluxIterable.java:272)
	at reactor.core.publisher.FluxIterable$IterableSubscription.request(FluxIterable.java:230)
	at reactor.core.publisher.FluxMergeSequential$MergeSequentialMain.onSubscribe(FluxMergeSequential.java:198)
	at reactor.core.publisher.FluxIterable.subscribe(FluxIterable.java:165)
	at reactor.core.publisher.FluxIterable.subscribe(FluxIterable.java:87)
	at reactor.core.publisher.InternalFluxOperator.subscribe(InternalFluxOperator.java:62)
	at reactor.core.publisher.FluxDefer.subscribe(FluxDefer.java:54)
	at reactor.core.publisher.Flux.subscribe(Flux.java:8660)
	at reactor.core.publisher.Flux.blockLast(Flux.java:2745)
	at org.springframework.cloud.gateway.filter.WeightCalculatorWebFilter.lambda$onApplicationEvent$0(WeightCalculatorWebFilter.java:133)
	at org.springframework.beans.factory.support.DefaultListableBeanFactory$DependencyObjectProvider.ifAvailable(DefaultListableBeanFactory.java:2058)
	at org.springframework.cloud.gateway.filter.WeightCalculatorWebFilter.onApplicationEvent(WeightCalculatorWebFilter.java:133)
	at org.springframework.context.event.SimpleApplicationEventMulticaster.doInvokeListener(SimpleApplicationEventMulticaster.java:176)
	at org.springframework.context.event.SimpleApplicationEventMulticaster.invokeListener(SimpleApplicationEventMulticaster.java:169)
	at org.springframework.context.event.SimpleApplicationEventMulticaster.multicastEvent(SimpleApplicationEventMulticaster.java:143)
	at org.springframework.context.support.AbstractApplicationContext.publishEvent(AbstractApplicationContext.java:413)
	at org.springframework.context.support.AbstractApplicationContext.publishEvent(AbstractApplicationContext.java:370)
	at org.springframework.cloud.gateway.route.RouteRefreshListener.reset(RouteRefreshListener.java:73)
	at org.springframework.cloud.gateway.route.RouteRefreshListener.onApplicationEvent(RouteRefreshListener.java:50)
	at org.springframework.context.event.SimpleApplicationEventMulticaster.doInvokeListener(SimpleApplicationEventMulticaster.java:176)
	at org.springframework.context.event.SimpleApplicationEventMulticaster.invokeListener(SimpleApplicationEventMulticaster.java:169)
	at org.springframework.context.event.SimpleApplicationEventMulticaster.multicastEvent(SimpleApplicationEventMulticaster.java:143)
	at org.springframework.context.support.AbstractApplicationContext.publishEvent(AbstractApplicationContext.java:413)
	at org.springframework.context.support.AbstractApplicationContext.publishEvent(AbstractApplicationContext.java:370)
	at org.springframework.context.support.AbstractApplicationContext.finishRefresh(AbstractApplicationContext.java:935)
	at org.springframework.context.support.AbstractApplicationContext.refresh(AbstractApplicationContext.java:587)
	at org.springframework.boot.web.reactive.context.ReactiveWebServerApplicationContext.refresh(ReactiveWebServerApplicationContext.java:66)
	at org.springframework.boot.SpringApplication.refresh(SpringApplication.java:730)
	at org.springframework.boot.SpringApplication.refreshContext(SpringApplication.java:432)
	at org.springframework.boot.SpringApplication.run(SpringApplication.java:308)
	at org.phy.gateway.GatewayApplication.main(GatewayApplication.java:15)
	Suppressed: java.lang.Exception: #block terminated with an error
		at reactor.core.publisher.BlockingSingleSubscriber.blockingGet(BlockingSingleSubscriber.java:99)
		at reactor.core.publisher.Flux.blockLast(Flux.java:2746)
		... 22 common frames omitted
2024-09-03 17:44:17.159 INFO  org.hibernate.validator.internal.util.Version     :21   background-preinit [32m                [0;39m HV000001: Hibernate Validator 8.0.0.Final
2024-09-03 17:44:17.198 INFO  org.phy.gateway.GatewayApplication                :51   main [32m                [0;39m Starting GatewayApplication using Java 17.0.12 with PID 25760 (F:\桌面\12306\gateway\target\classes started by yunnuo in F:\桌面\12306)
2024-09-03 17:44:17.199 INFO  org.phy.gateway.GatewayApplication                :630  main [32m                [0;39m No active profile set, falling back to 1 default profile: "default"
2024-09-03 17:44:17.657 INFO  o.springframework.cloud.context.scope.GenericScope:282  main [32m                [0;39m BeanFactory id=390a6740-1f4b-371e-8b32-9ee7183f016d
2024-09-03 17:44:18.221 INFO  o.s.c.gateway.route.RouteDefinitionRouteLocator   :88   main [32m                [0;39m Loaded RoutePredicateFactory [After]
2024-09-03 17:44:18.221 INFO  o.s.c.gateway.route.RouteDefinitionRouteLocator   :88   main [32m                [0;39m Loaded RoutePredicateFactory [Before]
2024-09-03 17:44:18.221 INFO  o.s.c.gateway.route.RouteDefinitionRouteLocator   :88   main [32m                [0;39m Loaded RoutePredicateFactory [Between]
2024-09-03 17:44:18.221 INFO  o.s.c.gateway.route.RouteDefinitionRouteLocator   :88   main [32m                [0;39m Loaded RoutePredicateFactory [Cookie]
2024-09-03 17:44:18.221 INFO  o.s.c.gateway.route.RouteDefinitionRouteLocator   :88   main [32m                [0;39m Loaded RoutePredicateFactory [Header]
2024-09-03 17:44:18.221 INFO  o.s.c.gateway.route.RouteDefinitionRouteLocator   :88   main [32m                [0;39m Loaded RoutePredicateFactory [Host]
2024-09-03 17:44:18.222 INFO  o.s.c.gateway.route.RouteDefinitionRouteLocator   :88   main [32m                [0;39m Loaded RoutePredicateFactory [Method]
2024-09-03 17:44:18.222 INFO  o.s.c.gateway.route.RouteDefinitionRouteLocator   :88   main [32m                [0;39m Loaded RoutePredicateFactory [Path]
2024-09-03 17:44:18.222 INFO  o.s.c.gateway.route.RouteDefinitionRouteLocator   :88   main [32m                [0;39m Loaded RoutePredicateFactory [Query]
2024-09-03 17:44:18.222 INFO  o.s.c.gateway.route.RouteDefinitionRouteLocator   :88   main [32m                [0;39m Loaded RoutePredicateFactory [ReadBody]
2024-09-03 17:44:18.222 INFO  o.s.c.gateway.route.RouteDefinitionRouteLocator   :88   main [32m                [0;39m Loaded RoutePredicateFactory [RemoteAddr]
2024-09-03 17:44:18.222 INFO  o.s.c.gateway.route.RouteDefinitionRouteLocator   :88   main [32m                [0;39m Loaded RoutePredicateFactory [XForwardedRemoteAddr]
2024-09-03 17:44:18.222 INFO  o.s.c.gateway.route.RouteDefinitionRouteLocator   :88   main [32m                [0;39m Loaded RoutePredicateFactory [Weight]
2024-09-03 17:44:18.222 INFO  o.s.c.gateway.route.RouteDefinitionRouteLocator   :88   main [32m                [0;39m Loaded RoutePredicateFactory [CloudFoundryRouteService]
2024-09-03 17:44:18.658 INFO  o.s.boot.web.embedded.netty.NettyWebServer        :111  main [32m                [0;39m Netty started on port 8000
2024-09-03 17:44:18.945 INFO  org.phy.gateway.GatewayApplication                :57   main [32m                [0;39m Started GatewayApplication in 2.347 seconds (process running for 2.841)
2024-09-03 17:44:18.948 INFO  org.phy.gateway.GatewayApplication                :16   main [32m                [0;39m 启动成功
2024-09-03 17:44:18.948 INFO  org.phy.gateway.GatewayApplication                :17   main [32m                [0;39m Member地址: 	http://127.0.0.1:8000
2024-09-03 17:44:29.761 ERROR o.s.b.a.w.r.error.AbstractErrorWebExceptionHandler:102  reactor-http-nio-2 [32m                [0;39m [5d9ca0b9-1]  500 Server Error for HTTP GET "/member/test"
io.netty.channel.AbstractChannel$AnnotatedConnectException: Connection refused: getsockopt: localhost/127.0.0.1:8001
	Suppressed: reactor.core.publisher.FluxOnAssembly$OnAssemblyException: 
Error has been observed at the following site(s):
	*__checkpoint ⇢ org.springframework.cloud.gateway.filter.WeightCalculatorWebFilter [DefaultWebFilterChain]
	*__checkpoint ⇢ HTTP GET "/member/test" [ExceptionHandlingWebHandler]
Original Stack Trace:
Caused by: java.net.ConnectException: Connection refused: getsockopt
	at java.base/sun.nio.ch.Net.pollConnect(Native Method)
	at java.base/sun.nio.ch.Net.pollConnectNow(Net.java:672)
	at java.base/sun.nio.ch.SocketChannelImpl.finishConnect(SocketChannelImpl.java:946)
	at io.netty.channel.socket.nio.NioSocketChannel.doFinishConnect(NioSocketChannel.java:337)
	at io.netty.channel.nio.AbstractNioChannel$AbstractNioUnsafe.finishConnect(AbstractNioChannel.java:334)
	at io.netty.channel.nio.NioEventLoop.processSelectedKey(NioEventLoop.java:776)
	at io.netty.channel.nio.NioEventLoop.processSelectedKeysOptimized(NioEventLoop.java:724)
	at io.netty.channel.nio.NioEventLoop.processSelectedKeys(NioEventLoop.java:650)
	at io.netty.channel.nio.NioEventLoop.run(NioEventLoop.java:562)
	at io.netty.util.concurrent.SingleThreadEventExecutor$4.run(SingleThreadEventExecutor.java:997)
	at io.netty.util.internal.ThreadExecutorMap$2.run(ThreadExecutorMap.java:74)
	at io.netty.util.concurrent.FastThreadLocalRunnable.run(FastThreadLocalRunnable.java:30)
	at java.base/java.lang.Thread.run(Thread.java:840)
